<?xml version="1.0" encoding="UTF-8"?>
<testsuite xmlns:xsi="http://www.w3.org/2001/XMLSchema-instance" xsi:noNamespaceSchemaLocation="https://maven.apache.org/surefire/maven-surefire-plugin/xsd/surefire-test-report.xsd" name="org.xerris.core.RangeTests" time="0.045" tests="8" errors="0" skipped="0" failures="0">
  <properties>
[...]
</properties>
  <testcase name="create" classname="org.xerris.core.RangeTests" time="0"/>
  <testcase name="tooLittle" classname="org.xerris.core.RangeTests" time="0"/>
  <testcase name="tooMuch" classname="org.xerris.core.RangeTests" time="0"/>
  <testcase name="includes{double}[1]" classname="org.xerris.core.RangeTests" time="0.019"/>
  <testcase name="includes{double}[2]" classname="org.xerris.core.RangeTests" time="0.001"/>
  <testcase name="includes{double}[3]" classname="org.xerris.core.RangeTests" time="0.001"/>
  <testcase name="includes{double}[4]" classname="org.xerris.core.RangeTests" time="0"/>
  <testcase name="createStartBiggerThanEnd" classname="org.xerris.core.RangeTests" time="0.001"/>
</testsuite>